<?xml version="1.0" encoding="UTF-8"?>
<testng-results ignored="0" total="1" passed="1" failed="0" skipped="0">
  <reporter-output>
  </reporter-output>
  <suite started-at="2025-03-18T11:59:28 IST" name="Suite" finished-at="2025-03-18T11:59:39 IST" duration-ms="11003">
    <groups>
    </groups>
    <test started-at="2025-03-18T11:59:28 IST" name="Test" finished-at="2025-03-18T11:59:39 IST" duration-ms="11003">
      <class name="TestCases.Login_test">
        <test-method is-config="true" signature="setup(java.lang.String,java.lang.String)[pri:0, instance:TestCases.Login_test@7b02881e]" started-at="2025-03-18T11:59:28 IST" name="setup" finished-at="2025-03-18T11:59:38 IST" duration-ms="9851" status="PASS">
          <params>
            <param index="0">
              <value>
                <![CDATA[Window]]>
              </value>
            </param>
            <param index="1">
              <value>
                <![CDATA[firefox]]>
              </value>
            </param>
          </params>
          <reporter-output>
          </reporter-output>
        </test-method> <!-- setup -->
        <test-method signature="loginTest()[pri:0, instance:TestCases.Login_test@7b02881e]" started-at="2025-03-18T11:59:38 IST" name="loginTest" finished-at="2025-03-18T11:59:38 IST" duration-ms="54" status="PASS">
          <reporter-output>
          </reporter-output>
        </test-method> <!-- loginTest -->
        <test-method is-config="true" signature="teardown()[pri:0, instance:TestCases.Login_test@7b02881e]" started-at="2025-03-18T11:59:38 IST" name="teardown" finished-at="2025-03-18T11:59:39 IST" duration-ms="1052" status="PASS">
          <reporter-output>
          </reporter-output>
        </test-method> <!-- teardown -->
      </class> <!-- TestCases.Login_test -->
    </test> <!-- Test -->
  </suite> <!-- Suite -->
</testng-results>
